
          /\      |‾‾| /‾‾/   /‾‾/
     /\  /  \     |  |/  /   /  /
    /  \/    \    |     (   /   ‾‾\
   /          \   |  |\  \ |  (‾)  |
  / __________ \  |__| \__\ \_____/ .io

  execution: local
     script: train.js
     output: -

  scenarios: (100.00%) 6 scenarios, 21 max VUs, 13m30s max duration (incl. graceful stop):
           * 1-user: 1 iterations for each of 1 VUs (maxDuration: 10m0s, gracefulStop: 1m0s)
           * 2-users: 1 iterations for each of 2 VUs (maxDuration: 10m0s, startTime: 30s, gracefulStop: 1m0s)
           * 3-users: 1 iterations for each of 3 VUs (maxDuration: 10m0s, startTime: 1m0s, gracefulStop: 1m0s)
           * 4-users: 1 iterations for each of 4 VUs (maxDuration: 10m0s, startTime: 1m30s, gracefulStop: 1m0s)
           * 5-users: 1 iterations for each of 5 VUs (maxDuration: 10m0s, startTime: 2m0s, gracefulStop: 1m0s)
           * 6-users: 1 iterations for each of 6 VUs (maxDuration: 10m0s, startTime: 2m30s, gracefulStop: 1m0s)


     ✓ status was 200

     checks.........................: 100.00% ✓ 21       ✗ 0
     data_received..................: 6.4 kB  41 B/s
     data_sent......................: 17 MB   109 kB/s
     http_req_blocked...............: avg=226.22ms min=222.06ms med=222.9ms  max=241.54ms p(90)=237.78ms p(95)=238.01ms
     http_req_connecting............: avg=224.59ms min=221.61ms med=222.64ms max=237.86ms p(90)=235.04ms p(95)=237.63ms
     http_req_duration..............: avg=5.7s     min=1.94s    med=4.77s    max=13.93s   p(90)=11.19s   p(95)=11.96s
       { expected_response:true }...: avg=5.7s     min=1.94s    med=4.77s    max=13.93s   p(90)=11.19s   p(95)=11.96s
     http_req_failed................: 0.00%   ✓ 0        ✗ 21
     http_req_receiving.............: avg=222.27ms min=218.8ms  med=222.25ms max=225.35ms p(90)=222.98ms p(95)=222.98ms
     http_req_sending...............: avg=1.13s    min=222.66ms med=665.84ms max=4.23s    p(90)=2.01s    p(95)=4s
     http_req_tls_handshaking.......: avg=0s       min=0s       med=0s       max=0s       p(90)=0s       p(95)=0s
     http_req_waiting...............: avg=4.34s    min=1.24s    med=3.77s    max=9.7s     p(90)=7.5s     p(95)=9.47s
     http_reqs......................: 21      0.134356/s
     iteration_duration.............: avg=5.93s    min=2.17s    med=5.01s    max=14.17s   p(90)=11.43s   p(95)=12.21s
     iterations.....................: 21      0.134356/s
     vus............................: 3       min=0      max=6
     vus_max........................: 21      min=21     max=21


running (02m36.3s), 00/21 VUs, 21 complete and 0 interrupted iterations
1-user  ✓ [======================================] 1 VUs  00m02.2s/10m0s  1/1 iters, 1 per VU
2-users ✓ [======================================] 2 VUs  00m03.7s/10m0s  2/2 iters, 1 per VU
3-users ✓ [======================================] 3 VUs  00m11.4s/10m0s  3/3 iters, 1 per VU
4-users ✓ [======================================] 4 VUs  00m04.7s/10m0s  4/4 iters, 1 per VU
5-users ✓ [======================================] 5 VUs  00m14.2s/10m0s  5/5 iters, 1 per VU
6-users ✓ [======================================] 6 VUs  00m06.3s/10m0s  6/6 iters, 1 per VU